<?xml version="1.0" encoding="UTF-8"?>
<!-- Generated by org.testng.reporters.JUnitReportReporter -->
<testsuite hostname="DESKTOP-5JNCH94" failures="0" tests="1" name="TheInternet.Herokuapp.com.Logintest" time="16.644" errors="0" timestamp="2022-12-27T01:22:32 IST" skipped="0">
  <testcase classname="TheInternet.Herokuapp.com.Logintest" name="Authentication" time="16.644"/>
  <system-out/>
</testsuite> <!-- TheInternet.Herokuapp.com.Logintest -->
