<?xml version="1.0" encoding="UTF-8"?>
<!-- Generated by org.testng.reporters.JUnitReportReporter -->
<testsuite hostname="DESKTOP-5JNCH94" failures="0" tests="1" name="TheInternet.Herokuapp.com.Logintest" time="19.504" errors="0" timestamp="2022-12-29T18:31:35 IST" skipped="0">
  <testcase classname="TheInternet.Herokuapp.com.Logintest" name="Authentication" time="19.504"/>
  <system-out/>
</testsuite> <!-- TheInternet.Herokuapp.com.Logintest -->
